CPU: Apple M1 Pro (10C)
Partial csv dump:
       fromIndex  toIndex fromCore toCore  fromCoreLatencyNs  toCoreLatencyNs  coreLatencyDeltaNs  fromCoreFrequencyBeforeGhz  fromCoreFrequencyAfterGhz  fromCoreFrequencyDeltaGhz  toCoreFrequencyBeforeGhz  toCoreFrequencyAfterGhz  toCoreFrequencyDeltaGhz
0              0        1     4101   4098              85.49            85.51                0.02                        1.90                       1.95                       0.05                      1.94                     1.97                     0.03
1              0        1     4101   4098              61.51            61.51                0.00                        1.95                       1.92                       0.03                      1.94                     1.92                     0.02
2              0        1     4101   4098              60.35            60.33                0.02                        1.94                       2.11                       0.17                      1.89                     2.14                     0.25
3              0        1     4101   4098              55.25            55.25                0.00                        2.12                       2.18                       0.06                      2.20                     2.18                     0.02
4              0        1     4101   4098              55.16            55.16                0.00                        2.20                       2.18                       0.02                      2.20                     2.20                     0.00
...          ...      ...      ...    ...                ...              ...                 ...                         ...                        ...                        ...                       ...                      ...                      ...
26995          3        9     8200      1             118.18           118.17                0.01                        3.00                       3.04                       0.04                      1.98                     1.02                     0.97
26996          0        9     4101      1             137.99           138.00                0.01                        2.93                       3.00                       0.07                      2.03                     1.02                     1.02
26997          7        5     8201   8198              40.02            40.02                0.00                        3.00                       3.04                       0.04                      3.00                     3.04                     0.04
26998          1        4     4098   8199             188.84           188.83                0.01                        3.04                       3.00                       0.04                      2.93                     3.00                     0.07
26999          1        5     4098   8198             155.04           155.03                0.01                        3.00                       3.00                       0.00                      3.00                     3.00                     0.00

[27000 rows x 13 columns]

Num cores: 10
Samples per core pair: min: 300 avg: 300.0 max: 300
Detailed Core-to-core latency aggregates (ns):
                toCoreLatencyNs                                                                
                          count     min      5%     25%    mean  median     75%     95%     max
fromCore toCore                                                                                
   0        1               300   36.95   37.18   37.46   38.84   37.49   37.51   41.68  109.74
         4098               300   53.06  144.23  145.30  159.60  150.11  165.66  213.92  257.84
         4099               300  124.64  125.14  126.44  143.30  133.76  151.07  183.57  454.05
         4100               300   99.67  123.11  126.46  141.68  130.80  149.17  173.53  629.50
         4101               300  143.40  144.95  146.01  159.10  148.28  170.76  182.44  510.32
         8198               300  116.28  116.88  118.06  133.90  123.94  147.52  166.06  329.03
         8199               300  110.93  112.61  112.90  129.30  117.74  146.14  164.02  324.78
         8200               300  114.32  114.44  115.16  131.82  120.10  146.71  176.14  207.45
         8201               300  130.02  130.70  131.46  149.15  138.38  162.20  193.68  283.67
   1        0               300   40.36   51.61   52.65   55.64   52.97   53.07   61.17  319.40
         4098               300   66.10  140.33  143.69  151.92  145.85  162.01  170.85  250.64
         4099               300  125.65  126.10  126.94  143.05  133.81  150.82  179.21  428.29
         4100               300   43.10  120.47  120.60  134.83  125.66  141.28  175.22  239.33
         4101               300   86.85  148.40  149.18  158.51  152.19  171.27  177.61  270.25
         8198               300   58.97  113.50  113.68  128.36  118.61  139.76  162.70  343.91
         8199               300   75.68  114.73  114.80  127.70  117.64  137.09  158.89  257.65
         8200               300  115.14  115.29  115.51  130.86  120.06  141.59  165.88  357.28
         8201               300  125.74  125.80  126.00  144.95  135.63  153.72  183.80  356.29
4098        0               300  124.29  124.70  125.82  143.86  133.42  155.11  189.40  240.28
            1               300   74.68  127.76  131.90  143.93  136.27  152.24  178.89  197.41
         4099               300   41.65   42.16   42.18   42.58   42.20   42.27   43.03   75.26
         4100               300   38.35   39.51   39.53   40.16   39.55   39.59   40.30  170.40
         4101               300   38.30   39.52   39.53   40.35   39.56   39.61   40.29  151.92
         8198               300  147.05  152.46  153.71  165.31  156.18  180.52  192.80  195.77
         8199               300  148.85  149.99  152.70  165.25  156.88  184.36  192.02  217.42
         8200               300  150.33  152.35  155.81  169.88  161.21  187.23  196.84  268.57
         8201               300  147.52  151.99  153.99  169.33  160.90  188.06  193.36  196.12
4099        0               300   98.96  121.07  121.23  139.35  128.46  157.64  178.49  241.16
            1               300   93.33  131.72  136.03  148.29  140.17  156.38  180.70  276.33
         4098               300   36.26   37.21   37.23   39.02   37.25   37.30   38.69  186.31
         4100               300   38.79   39.84   40.02   41.47   40.04   40.07   40.80  171.53
         4101               300   38.84   38.86   38.88   39.76   38.90   38.94   39.64  160.10
         8198               300  149.42  150.93  153.38  167.98  159.23  186.65  191.73  296.30
         8199               300  149.71  150.08  152.58  166.28  157.31  185.00  192.28  195.82
         8200               300  150.01  152.40  155.28  168.10  157.84  186.84  197.27  200.09
         8201               300  146.84  152.03  153.85  167.58  157.11  186.39  193.45  325.78
4100        0               300  106.68  125.38  125.89  145.42  132.66  160.04  188.69  339.23
            1               300  104.07  122.54  124.10  140.21  130.68  151.39  176.24  343.20
         4098               300   38.80   39.99   40.02   40.32   40.04   40.10   40.96   60.14
         4099               300   38.01   39.19   39.20   40.26   39.22   39.26   39.99  174.15
         4101               300   42.14   42.16   42.17   42.29   42.19   42.24   42.90   46.99
         8198               300  147.45  152.40  155.84  169.40  158.55  186.98  197.79  249.21
         8199               300  134.75  151.70  153.67  169.59  159.47  189.77  194.16  317.42
         8200               300  148.26  154.22  157.73  170.91  160.17  190.29  199.72  326.15
         8201               300  148.04  151.82  154.66  168.42  160.06  186.63  192.66  285.02
4101        0               300   56.43  121.77  122.28  141.10  130.80  155.76  179.39  428.73
            1               300   49.57  129.02  132.92  144.88  136.68  149.36  179.85  339.07
         4098               300   39.97   39.99   40.02   41.96   40.04   40.08   43.83  180.05
         4099               300   37.67   38.85   38.86   39.12   38.89   38.93   39.66   55.49
         4100               300   37.23   38.20   38.21   38.63   38.24   38.27   39.86  110.09
         8198               300  147.20  151.61  153.81  166.56  157.14  186.22  190.91  269.20
         8199               300  146.95  151.96  156.50  167.46  157.72  183.95  197.73  213.42
         8200               300  148.10  154.02  157.49  170.92  162.76  189.48  199.18  209.65
         8201               300  149.08  152.10  157.08  170.62  160.15  187.87  199.59  331.04
8198        0               300  124.24  124.30  124.83  143.25  134.54  156.12  179.56  336.59
            1               300  125.70  125.76  125.90  141.12  131.72  153.21  176.93  219.11
         4098               300  149.23  150.84  153.04  166.89  158.16  184.77  191.51  299.22
         4099               300  147.64  153.48  157.55  171.90  161.84  191.56  199.58  282.71
         4100               300  148.29  151.88  154.31  169.68  161.33  187.33  192.94  321.74
         4101               300  150.69  151.93  154.02  167.46  157.76  187.94  195.04  198.69
         8199               300   35.79   36.88   36.90   36.97   36.91   36.94   37.62   39.19
         8200               300   39.17   39.99   40.02   40.08   40.03   40.05   40.20   44.18
         8201               300   35.40   39.19   39.20   39.19   39.22   39.25   39.73   41.30
8199        0               300  129.86  130.43  131.06  146.24  137.02  158.32  178.33  312.57
            1               300  113.04  114.15  114.24  129.39  118.42  141.49  160.18  457.68
         4098               300  148.47  153.69  157.52  172.20  162.08  192.05  198.30  373.46
         4099               300  146.34  152.31  158.47  171.27  163.86  187.50  200.03  201.57
         4100               300  150.01  152.38  155.75  168.38  157.70  186.61  198.55  206.18
         4101               300  148.68  151.73  154.17  168.29  157.65  189.92  196.36  201.01
         8198               300   36.07   36.88   37.22   37.28   37.25   37.27   37.96   39.57
         8200               300   38.88   39.98   40.02   40.53   40.03   40.05   40.09  180.99
         8201               300   38.31   39.51   39.52   40.57   39.54   39.58   40.25  192.15
8200        0               300  128.35  132.20  134.50  147.61  137.51  154.98  177.56  494.71
            1               300  114.28  114.35  114.49  128.44  118.12  137.07  160.51  442.04
         4098               300  150.02  152.17  153.96  167.86  158.83  187.64  195.38  198.35
         4099               300  146.45  150.41  155.88  169.20  159.68  186.97  199.32  254.30
         4100               300  148.93  154.21  157.60  172.29  162.82  192.26  199.59  202.00
         4101               300  148.76  150.71  152.69  166.69  158.47  185.22  191.99  196.43
         8198               300   35.41   38.04   39.19   39.08   39.21   39.24   39.36   41.57
         8199               300   38.32   39.51   39.53   39.57   39.55   39.58   40.06   41.62
         8201               300   37.05   38.20   38.21   38.79   38.23   38.26   38.97  191.90
8201        0               300  130.55  131.06  131.76  151.14  138.94  160.47  206.49  309.49
            1               300  126.74  126.81  127.17  142.88  134.10  155.85  174.55  217.98
         4098               300  148.41  152.34  155.29  166.79  157.20  185.36  193.48  197.94
         4099               300  148.56  152.15  153.75  165.95  155.73  184.91  193.83  196.50
         4100               300  132.38  152.14  157.32  169.03  159.26  185.69  200.04  201.64
         4101               300  150.90  151.51  153.36  164.41  156.05  181.50  191.25  196.38
         8198               300   39.96   39.99   40.02   40.11   40.03   40.05   40.32   43.70
         8199               300   35.40   38.27   39.20   39.15   39.22   39.24   39.94   42.41
         8200               300   33.57   33.58   33.60   33.76   33.62   33.67   34.39   37.27

Median Core-to-core latency (ns):
toCore       0     1  4098  4099  4100  4101  8198  8199  8200  8201
fromCore                                                            
   0       NaN    37   150   134   131   148   124   118   120   138
   1        53   NaN   146   134   126   152   119   118   120   136
4098       133   136   NaN    42    40    40   156   157   161   161
4099       128   140    37   NaN    40    39   159   157   158   157
4100       133   131    40    39   NaN    42   159   159   160   160
4101       131   137    40    39    38   NaN   157   158   163   160
8198       135   132   158   162   161   158   NaN    37    40    39
8199       137   118   162   164   158   158    37   NaN    40    40
8200       138   118   159   160   163   158    39    40   NaN    38
8201       139   134   157   156   159   156    40    39    34   NaN
Stored plot to 241207-1-m1pro-steady-clock-i-2000-r-300.png
