CPU: Apple M4 Max (16C)
Num cores: 16
Samples per core pair: min: 300 avg: 300.0 max: 300
Median Core-to-core latency (ns):
toCore       0     1     2     3  4100  4101  4102  4103  4104  4105  8202  8203  8204  8205  8206  8207
fromCore
   0       NaN    26    26    26    97    96    98   102    96    98   100   101   103   116   103   100
   1        26   NaN    26    26   106   101    99    95    99   102   111    96   100   106   106   102
   2        26    26   NaN    26   111    97    99    97    96   110    96    99    96    97   104   103
   3        26    26    25   NaN   109   109   107   101    99   111   104   101   106   101    98   100
4100        97   111    96   106   NaN    40    41    40    31    35    98   120   114   104   106   122
4101        97    98    99   104    40   NaN    40    39    39    39   108   120   107   105   116   123
4102       100   103   111    97    40    41   NaN    41    40    41   119   111   112   122   113   112
4103        98    99    97    99    39    40    39   NaN    39    40   124   120   117   111   110   115
4104       100   112   104    98    40    40    40    39   NaN    40    97   114   114   117   116   114
4105       112    98   118   112    38    42    41    41    38   NaN   121   112   123   121   118   105
8202       104   102    98   104   112   103   116    99   107   113   NaN    41    39    40    37    38
8203       103   101   104   102   117   113   119   118   120   107    40   NaN    40    40    40    40
8204       100   102    96   111   108   120   118   120   119   114    40    40   NaN    41    39    41
8205       102   101   101    96   108   114   121   113   116   111    41    40    39   NaN    39    40
8206       104   106    97   102   118   110   113   106   118   117    41    39    42    40   NaN    40
8207       103    96   100   109   116   117   109   110   115   107    38    42    40    39    38   NaN