SoC: Apple M4 Pro (14C)
Core count: 14
Samples per core pair: min: 300 avg: 300.0 max: 300
Median Core-to-core latency (ns):
toCore       0     1     2     3  4100  4101  4102  4103  4104  8201  8202  8203  8204  8205
fromCore                                                                                    
   0       NaN    24    24    24    99   101    98    97    98   100    98    96   102   106
   1        24   NaN    24    24    98   102   102    98   100   104    97   117   101    96
   2        24    24   NaN    22    97    99    97    98   102    99   110   103   110   101
   3        24    22    24   NaN    97    98    97    97    96   102    97    96   108   103
4100       100    99    98   101   NaN    41    41    42    32   120    94   113   116   103
4101       103    97    98    99    36   NaN    41    40    39   114   108   117   106   106
4102        97    97    99    98    39    41   NaN    40    41   111   112   103   115   121
4103        98   101    97   102    41    39    42   NaN    42   115   103   108   112    95
4104        99    98   103    98    40    39    41    40   NaN   112   117   106   106    99
8201       111    98    98   102   105   113   106   104   112   NaN    41    41    40    41
8202       105   115   126   106   115   104   117   106   103    41   NaN    40    41    37
8203       131   125   102   105   114   107   116   114    99    39    41   NaN    38    40
8204       101    97    99   113   106   113   115   121   104    40    40    42   NaN    40
8205       118    98   113   102   114   106   109    96   115    38    41    41    39   NaN
Stored plot to ../results/260420-0-m4pro-steady_clock-i-200-r-300-results.png
