SoC: Apple M5 Pro (15C)
Core count: 15
Samples per core pair: min: 300 avg: 300.0 max: 300
Median Core-to-core latency (ns):
toCore       0     1     2     3     4  4101  4102  4103  4104  4105  8202  8203  8204  8205  8206
fromCore                                                                                          
   0       NaN    17    23    24    24    76    79    87    82    89    95    93    88    92    88
   1        23   NaN    23    25    23    87    79    83    88    79    87    91    94    91    90
   2        21    22   NaN    17    23    86    88    74    86    83    94    93    93    88    93
   3        24    23    17   NaN    17    87    90    85    88    83    95    90    95    93    91
   4        22    17    23    18   NaN    78    79    89    79    87    92    89    93    95    92
4101        87    76    78    83    87   NaN    21    23    23    24    86    93    88    94    91
4102        89    87    83    84    82    21   NaN    22    17    17    93    93    88    87    87
4103        80    77    75    86    85    21    23   NaN    17    25    89    91    93    94    94
4104        84    87    90    81    90    23    17    17   NaN    18    94    95    90    90    95
4105        85    86    87    81    80    24    17    23    17   NaN    95    94    91    91    87
8202        90    87    89    89    89    91    91    92    89    94   NaN    27    30    39    37
8203        86    91    93    94    95    93    86    87    89    94    26   NaN    34    26    38
8204        92    91    92    94    89    92    89    92    94    92    34    39   NaN    35    38
8205        90    92    86    93    95    86    87    91    90    89    33    38    33   NaN    37
8206        89    94    91    94    94    90    88    91    89    88    35    26    34    38   NaN
Stored plot to ../results/260420-0-m5pro-steady_clock-i-200-r-300-results.png
